<?xml version="1.0" encoding="UTF-8"?>
<!-- Generated by org.testng.reporters.JUnitXMLReporter -->
<testsuite hostname="DESKTOP-UMSRJLA" failures="2" tests="4" name="SalesForseTest" time="21.066" errors="0" timestamp="22 Apr 2022 19:57:06 GMT">
  <testcase classname="com.Testlayer.LoginTest" name="add_new_User" time="1.132">
    <failure type="org.testng.TestNGException" message="
The data provider is trying to pass 7 parameters but the method com.Testlayer.LoginTest#add_new_User takes 8 and TestNG is unable in inject a suitable object">
      <![CDATA[org.testng.TestNGException: 
The data provider is trying to pass 7 parameters but the method com.Testlayer.LoginTest#add_new_User takes 8 and TestNG is unable in inject a suitable object
Caused by: java.lang.ArrayIndexOutOfBoundsException: Index 7 out of bounds for length 7
	... 17 more
... Removed 19 stack frames]]>
    </failure>
  </testcase> <!-- add_new_User -->
  <testcase classname="com.Testlayer.LoginTest" name="loginvalidate" time="1.72"/>
  <testcase classname="com.Testlayer.LoginTest" name="userPage" time="12.058">
    <failure type="org.openqa.selenium.NoSuchElementException" message="Unable to find element with locator By.xpath: //span[@id=&amp;apos;tailBreadcrumbNode&amp;apos;]
For documentation on this error, please visit: https://selenium.dev/exceptions/#no_such_element
Build info: version: &amp;apos;4.0.0&amp;apos;, revision: &amp;apos;3a21814679&amp;apos;
System info: host: &amp;apos;DESKTOP-UMSRJLA&amp;apos;, ip: &amp;apos;192.168.210.238&amp;apos;, os.name: &amp;apos;Windows 10&amp;apos;, os.arch: &amp;apos;amd64&amp;apos;, os.version: &amp;apos;10.0&amp;apos;, java.version: &amp;apos;11.0.13&amp;apos;
Driver info: driver.version: RemoteWebDriver">
      <![CDATA[org.openqa.selenium.NoSuchElementException: Unable to find element with locator By.xpath: //span[@id='tailBreadcrumbNode']
For documentation on this error, please visit: https://selenium.dev/exceptions/#no_such_element
Build info: version: '4.0.0', revision: '3a21814679'
System info: host: 'DESKTOP-UMSRJLA', ip: '192.168.210.238', os.name: 'Windows 10', os.arch: 'amd64', os.version: '10.0', java.version: '11.0.13'
Driver info: driver.version: RemoteWebDriver
	at org.openqa.selenium.remote.ElementLocation$ElementFinder$2.findElement(ElementLocation.java:165)
	at org.openqa.selenium.remote.ElementLocation.findElement(ElementLocation.java:60)
	at org.openqa.selenium.remote.RemoteWebDriver.findElement(RemoteWebDriver.java:383)
	at org.openqa.selenium.remote.RemoteWebDriver.findElement(RemoteWebDriver.java:375)
	at com.Testlayer.LoginTest.userPage(LoginTest.java:60)
... Removed 24 stack frames]]>
    </failure>
  </testcase> <!-- userPage -->
  <testcase classname="com.Testlayer.LoginTest" name="teardown" time="0.788"/>
</testsuite> <!-- SalesForseTest -->
